# JRE version: Java(TM) SE Runtime Environment (8.0_66-b18) (build 1.8.0_66-b18)
# Java VM: Java HotSpot(TM) 64-Bit Server VM (25.66-b18 mixed mode windows-amd64 compressed oops)
Heap:
 PSYoungGen      total 139264K, used 73769K [0x00000000ebc00000, 0x00000000f5280000, 0x0000000100000000)
  eden space 124416K, 47% used [0x00000000ebc00000,0x00000000ef590138,0x00000000f3580000)
  from space 14848K, 99% used [0x00000000f3580000,0x00000000f43fa560,0x00000000f4400000)
  to   space 13824K, 0% used [0x00000000f4400000,0x00000000f4400000,0x00000000f5180000)
 ParOldGen       total 57344K, used 18623K [0x00000000c3400000, 0x00000000c6c00000, 0x00000000ebc00000)
  object space 57344K, 32% used [0x00000000c3400000,0x00000000c462fdb8,0x00000000c6c00000)
 Metaspace       used 54034K, capacity 56132K, committed 56408K, reserved 1097728K
  class space    used 7059K, capacity 7423K, committed 7512K, reserved 1048576K
GC Heap History (10 events):
Event: 6.379 GC heap before
{Heap before GC invocations=9 (full 1):
 PSYoungGen      total 70144K, used 70142K [0x00000000ebc00000, 0x00000000f2d80000, 0x0000000100000000)
  eden space 63488K, 100% used [0x00000000ebc00000,0x00000000efa00000,0x00000000efa00000)
  from space 6656K, 99% used [0x00000000efa00000,0x00000000f007f988,0x00000000f0080000)
  to   space 8192K, 0% used [0x00000000f2580000,0x00000000f2580000,0x00000000f2d80000)
 ParOldGen       total 32768K, used 7258K [0x00000000c3400000, 0x00000000c5400000, 0x00000000ebc00000)
  object space 32768K, 22% used [0x00000000c3400000,0x00000000c3b16b48,0x00000000c5400000)
 Metaspace       used 30001K, capacity 30958K, committed 31232K, reserved 1077248K
  class space    used 3837K, capacity 4078K, committed 4096K, reserved 1048576K
Event: 6.398 GC heap after
Heap after GC invocations=9 (full 1):
 PSYoungGen      total 104960K, used 8170K [0x00000000ebc00000, 0x00000000f2f80000, 0x0000000100000000)
  eden space 96768K, 0% used [0x00000000ebc00000,0x00000000ebc00000,0x00000000f1a80000)
  from space 8192K, 99% used [0x00000000f2580000,0x00000000f2d7aae0,0x00000000f2d80000)
  to   space 10752K, 0% used [0x00000000f1a80000,0x00000000f1a80000,0x00000000f2500000)
 ParOldGen       total 32768K, used 10961K [0x00000000c3400000, 0x00000000c5400000, 0x00000000ebc00000)
  object space 32768K, 33% used [0x00000000c3400000,0x00000000c3eb47c8,0x00000000c5400000)
 Metaspace       used 30001K, capacity 30958K, committed 31232K, reserved 1077248K
  class space    used 3837K, capacity 4078K, committed 4096K, reserved 1048576K
}
Event: 8.963 GC heap before
{Heap before GC invocations=10 (full 1):
 PSYoungGen      total 104960K, used 96445K [0x00000000ebc00000, 0x00000000f2f80000, 0x0000000100000000)
  eden space 96768K, 91% used [0x00000000ebc00000,0x00000000f1234cc8,0x00000000f1a80000)
  from space 8192K, 99% used [0x00000000f2580000,0x00000000f2d7aae0,0x00000000f2d80000)
  to   space 10752K, 0% used [0x00000000f1a80000,0x00000000f1a80000,0x00000000f2500000)
 ParOldGen       total 32768K, used 10961K [0x00000000c3400000, 0x00000000c5400000, 0x00000000ebc00000)
  object space 32768K, 33% used [0x00000000c3400000,0x00000000c3eb47c8,0x00000000c5400000)
 Metaspace       used 33941K, capacity 35294K, committed 35416K, reserved 1079296K
  class space    used 4331K, capacity 4616K, committed 4696K, reserved 1048576K
Event: 8.985 GC heap after
Heap after GC invocations=10 (full 1):
 PSYoungGen      total 107520K, used 10747K [0x00000000ebc00000, 0x00000000f5180000, 0x0000000100000000)
  eden space 96768K, 0% used [0x00000000ebc00000,0x00000000ebc00000,0x00000000f1a80000)
  from space 10752K, 99% used [0x00000000f1a80000,0x00000000f24fed80,0x00000000f2500000)
  to   space 13824K, 0% used [0x00000000f4400000,0x00000000f4400000,0x00000000f5180000)
 ParOldGen       total 32768K, used 13951K [0x00000000c3400000, 0x00000000c5400000, 0x00000000ebc00000)
  object space 32768K, 42% used [0x00000000c3400000,0x00000000c419fe28,0x00000000c5400000)
 Metaspace       used 33941K, capacity 35294K, committed 35416K, reserved 1079296K
  class space    used 4331K, capacity 4616K, committed 4696K, reserved 1048576K
}
Event: 8.985 GC heap before
{Heap before GC invocations=11 (full 2):
 PSYoungGen      total 107520K, used 10747K [0x00000000ebc00000, 0x00000000f5180000, 0x0000000100000000)
  eden space 96768K, 0% used [0x00000000ebc00000,0x00000000ebc00000,0x00000000f1a80000)
  from space 10752K, 99% used [0x00000000f1a80000,0x00000000f24fed80,0x00000000f2500000)
  to   space 13824K, 0% used [0x00000000f4400000,0x00000000f4400000,0x00000000f5180000)
 ParOldGen       total 32768K, used 13951K [0x00000000c3400000, 0x00000000c5400000, 0x00000000ebc00000)
  object space 32768K, 42% used [0x00000000c3400000,0x00000000c419fe28,0x00000000c5400000)
 Metaspace       used 33941K, capacity 35294K, committed 35416K, reserved 1079296K
  class space    used 4331K, capacity 4616K, committed 4696K, reserved 1048576K
Event: 9.084 GC heap after
Heap after GC invocations=11 (full 2):
 PSYoungGen      total 107520K, used 0K [0x00000000ebc00000, 0x00000000f5180000, 0x0000000100000000)
  eden space 96768K, 0% used [0x00000000ebc00000,0x00000000ebc00000,0x00000000f1a80000)
  from space 10752K, 0% used [0x00000000f1a80000,0x00000000f1a80000,0x00000000f2500000)
  to   space 13824K, 0% used [0x00000000f4400000,0x00000000f4400000,0x00000000f5180000)
 ParOldGen       total 57344K, used 18200K [0x00000000c3400000, 0x00000000c6c00000, 0x00000000ebc00000)
  object space 57344K, 31% used [0x00000000c3400000,0x00000000c45c6180,0x00000000c6c00000)
 Metaspace       used 33941K, capacity 35294K, committed 35416K, reserved 1079296K
  class space    used 4331K, capacity 4616K, committed 4696K, reserved 1048576K
}
Event: 12.249 GC heap before
{Heap before GC invocations=12 (full 2):
 PSYoungGen      total 107520K, used 96768K [0x00000000ebc00000, 0x00000000f5180000, 0x0000000100000000)
  eden space 96768K, 100% used [0x00000000ebc00000,0x00000000f1a80000,0x00000000f1a80000)
  from space 10752K, 0% used [0x00000000f1a80000,0x00000000f1a80000,0x00000000f2500000)
  to   space 13824K, 0% used [0x00000000f4400000,0x00000000f4400000,0x00000000f5180000)
 ParOldGen       total 57344K, used 18200K [0x00000000c3400000, 0x00000000c6c00000, 0x00000000ebc00000)
  object space 57344K, 31% used [0x00000000c3400000,0x00000000c45c6180,0x00000000c6c00000)
 Metaspace       used 44463K, capacity 45970K, committed 46296K, reserved 1089536K
  class space    used 5781K, capacity 6068K, committed 6104K, reserved 1048576K
Event: 12.278 GC heap after
Heap after GC invocations=12 (full 2):
 PSYoungGen      total 138240K, used 11583K [0x00000000ebc00000, 0x00000000f5280000, 0x0000000100000000)
  eden space 124416K, 0% used [0x00000000ebc00000,0x00000000ebc00000,0x00000000f3580000)
  from space 13824K, 83% used [0x00000000f4400000,0x00000000f4f4fff0,0x00000000f5180000)
  to   space 14848K, 0% used [0x00000000f3580000,0x00000000f3580000,0x00000000f4400000)
 ParOldGen       total 57344K, used 18208K [0x00000000c3400000, 0x00000000c6c00000, 0x00000000ebc00000)
  object space 57344K, 31% used [0x00000000c3400000,0x00000000c45c8180,0x00000000c6c00000)
 Metaspace       used 44463K, capacity 45970K, committed 46296K, reserved 1089536K
  class space    used 5781K, capacity 6068K, committed 6104K, reserved 1048576K
}
Event: 15.668 GC heap before
{Heap before GC invocations=13 (full 2):
 PSYoungGen      total 138240K, used 135999K [0x00000000ebc00000, 0x00000000f5280000, 0x0000000100000000)
  eden space 124416K, 100% used [0x00000000ebc00000,0x00000000f3580000,0x00000000f3580000)
  from space 13824K, 83% used [0x00000000f4400000,0x00000000f4f4fff0,0x00000000f5180000)
  to   space 14848K, 0% used [0x00000000f3580000,0x00000000f3580000,0x00000000f4400000)
 ParOldGen       total 57344K, used 18208K [0x00000000c3400000, 0x00000000c6c00000, 0x00000000ebc00000)
  object space 57344K, 31% used [0x00000000c3400000,0x00000000c45c8180,0x00000000c6c00000)
 Metaspace       used 52824K, capacity 54772K, committed 55000K, reserved 1097728K
  class space    used 6897K, capacity 7261K, committed 7384K, reserved 1048576K
Event: 15.718 GC heap after
Heap after GC invocations=13 (full 2):
 PSYoungGen      total 139264K, used 14825K [0x00000000ebc00000, 0x00000000f5280000, 0x0000000100000000)
  eden space 124416K, 0% used [0x00000000ebc00000,0x00000000ebc00000,0x00000000f3580000)
  from space 14848K, 99% used [0x00000000f3580000,0x00000000f43fa560,0x00000000f4400000)
  to   space 13824K, 0% used [0x00000000f4400000,0x00000000f4400000,0x00000000f5180000)
 ParOldGen       total 57344K, used 18623K [0x00000000c3400000, 0x00000000c6c00000, 0x00000000ebc00000)
  object space 57344K, 32% used [0x00000000c3400000,0x00000000c462fdb8,0x00000000c6c00000)
 Metaspace       used 52824K, capacity 54772K, committed 55000K, reserved 1097728K
  class space    used 6897K, capacity 7261K, committed 7384K, reserved 1048576K
}

