# JRE version: Java(TM) SE Runtime Environment (8.0_66-b18) (build 1.8.0_66-b18)
# Java VM: Java HotSpot(TM) 64-Bit Server VM (25.66-b18 mixed mode windows-amd64 compressed oops)
Heap:
 PSYoungGen      total 70144K, used 34124K [0x00000000ebc00000, 0x00000000f0700000, 0x0000000100000000)
  eden space 63488K, 43% used [0x00000000ebc00000,0x00000000ed6d8c60,0x00000000efa00000)
  from space 6656K, 99% used [0x00000000efa00000,0x00000000f007a700,0x00000000f0080000)
  to   space 6656K, 0% used [0x00000000f0080000,0x00000000f0080000,0x00000000f0700000)
 ParOldGen       total 31744K, used 7379K [0x00000000c3400000, 0x00000000c5300000, 0x00000000ebc00000)
  object space 31744K, 23% used [0x00000000c3400000,0x00000000c3b34d70,0x00000000c5300000)
 Metaspace       used 27869K, capacity 28728K, committed 28928K, reserved 1075200K
  class space    used 3560K, capacity 3773K, committed 3840K, reserved 1048576K
GC Heap History (10 events):
Event: 1.342 GC heap before
{Heap before GC invocations=4 (full 0):
 PSYoungGen      total 18432K, used 18432K [0x00000000ebc00000, 0x00000000ee000000, 0x0000000100000000)
  eden space 15872K, 100% used [0x00000000ebc00000,0x00000000ecb80000,0x00000000ecb80000)
  from space 2560K, 100% used [0x00000000ecb80000,0x00000000ece00000,0x00000000ece00000)
  to   space 2560K, 0% used [0x00000000edd80000,0x00000000edd80000,0x00000000ee000000)
 ParOldGen       total 42496K, used 3021K [0x00000000c3400000, 0x00000000c5d80000, 0x00000000ebc00000)
  object space 42496K, 7% used [0x00000000c3400000,0x00000000c36f36e0,0x00000000c5d80000)
 Metaspace       used 13345K, capacity 13778K, committed 13952K, reserved 1060864K
  class space    used 1750K, capacity 1878K, committed 1920K, reserved 1048576K
Event: 1.352 GC heap after
Heap after GC invocations=4 (full 0):
 PSYoungGen      total 34304K, used 2528K [0x00000000ebc00000, 0x00000000ee000000, 0x0000000100000000)
  eden space 31744K, 0% used [0x00000000ebc00000,0x00000000ebc00000,0x00000000edb00000)
  from space 2560K, 98% used [0x00000000edd80000,0x00000000edff8020,0x00000000ee000000)
  to   space 2560K, 0% used [0x00000000edb00000,0x00000000edb00000,0x00000000edd80000)
 ParOldGen       total 42496K, used 4611K [0x00000000c3400000, 0x00000000c5d80000, 0x00000000ebc00000)
  object space 42496K, 10% used [0x00000000c3400000,0x00000000c3880e40,0x00000000c5d80000)
 Metaspace       used 13345K, capacity 13778K, committed 13952K, reserved 1060864K
  class space    used 1750K, capacity 1878K, committed 1920K, reserved 1048576K
}
Event: 1.742 GC heap before
{Heap before GC invocations=5 (full 0):
 PSYoungGen      total 34304K, used 34272K [0x00000000ebc00000, 0x00000000ee000000, 0x0000000100000000)
  eden space 31744K, 100% used [0x00000000ebc00000,0x00000000edb00000,0x00000000edb00000)
  from space 2560K, 98% used [0x00000000edd80000,0x00000000edff8020,0x00000000ee000000)
  to   space 2560K, 0% used [0x00000000edb00000,0x00000000edb00000,0x00000000edd80000)
 ParOldGen       total 42496K, used 4619K [0x00000000c3400000, 0x00000000c5d80000, 0x00000000ebc00000)
  object space 42496K, 10% used [0x00000000c3400000,0x00000000c3882e48,0x00000000c5d80000)
 Metaspace       used 17855K, capacity 18330K, committed 18560K, reserved 1064960K
  class space    used 2285K, capacity 2430K, committed 2432K, reserved 1048576K
Event: 1.755 GC heap after
Heap after GC invocations=5 (full 0):
 PSYoungGen      total 34304K, used 2544K [0x00000000ebc00000, 0x00000000f0700000, 0x0000000100000000)
  eden space 31744K, 0% used [0x00000000ebc00000,0x00000000ebc00000,0x00000000edb00000)
  from space 2560K, 99% used [0x00000000edb00000,0x00000000edd7c010,0x00000000edd80000)
  to   space 6656K, 0% used [0x00000000f0080000,0x00000000f0080000,0x00000000f0700000)
 ParOldGen       total 42496K, used 9033K [0x00000000c3400000, 0x00000000c5d80000, 0x00000000ebc00000)
  object space 42496K, 21% used [0x00000000c3400000,0x00000000c3cd2568,0x00000000c5d80000)
 Metaspace       used 17855K, capacity 18330K, committed 18560K, reserved 1064960K
  class space    used 2285K, capacity 2430K, committed 2432K, reserved 1048576K
}
Event: 1.931 GC heap before
{Heap before GC invocations=6 (full 0):
 PSYoungGen      total 34304K, used 18274K [0x00000000ebc00000, 0x00000000f0700000, 0x0000000100000000)
  eden space 31744K, 49% used [0x00000000ebc00000,0x00000000ecb5ca88,0x00000000edb00000)
  from space 2560K, 99% used [0x00000000edb00000,0x00000000edd7c010,0x00000000edd80000)
  to   space 6656K, 0% used [0x00000000f0080000,0x00000000f0080000,0x00000000f0700000)
 ParOldGen       total 42496K, used 9033K [0x00000000c3400000, 0x00000000c5d80000, 0x00000000ebc00000)
  object space 42496K, 21% used [0x00000000c3400000,0x00000000c3cd2568,0x00000000c5d80000)
 Metaspace       used 20598K, capacity 21110K, committed 21248K, reserved 1067008K
  class space    used 2643K, capacity 2808K, committed 2816K, reserved 1048576K
Event: 1.942 GC heap after
Heap after GC invocations=6 (full 0):
 PSYoungGen      total 70144K, used 4918K [0x00000000ebc00000, 0x00000000f0700000, 0x0000000100000000)
  eden space 63488K, 0% used [0x00000000ebc00000,0x00000000ebc00000,0x00000000efa00000)
  from space 6656K, 73% used [0x00000000f0080000,0x00000000f054dbc8,0x00000000f0700000)
  to   space 6656K, 0% used [0x00000000efa00000,0x00000000efa00000,0x00000000f0080000)
 ParOldGen       total 42496K, used 9041K [0x00000000c3400000, 0x00000000c5d80000, 0x00000000ebc00000)
  object space 42496K, 21% used [0x00000000c3400000,0x00000000c3cd4568,0x00000000c5d80000)
 Metaspace       used 20598K, capacity 21110K, committed 21248K, reserved 1067008K
  class space    used 2643K, capacity 2808K, committed 2816K, reserved 1048576K
}
Event: 1.942 GC heap before
{Heap before GC invocations=7 (full 1):
 PSYoungGen      total 70144K, used 4918K [0x00000000ebc00000, 0x00000000f0700000, 0x0000000100000000)
  eden space 63488K, 0% used [0x00000000ebc00000,0x00000000ebc00000,0x00000000efa00000)
  from space 6656K, 73% used [0x00000000f0080000,0x00000000f054dbc8,0x00000000f0700000)
  to   space 6656K, 0% used [0x00000000efa00000,0x00000000efa00000,0x00000000f0080000)
 ParOldGen       total 42496K, used 9041K [0x00000000c3400000, 0x00000000c5d80000, 0x00000000ebc00000)
  object space 42496K, 21% used [0x00000000c3400000,0x00000000c3cd4568,0x00000000c5d80000)
 Metaspace       used 20598K, capacity 21110K, committed 21248K, reserved 1067008K
  class space    used 2643K, capacity 2808K, committed 2816K, reserved 1048576K
Event: 1.986 GC heap after
Heap after GC invocations=7 (full 1):
 PSYoungGen      total 70144K, used 0K [0x00000000ebc00000, 0x00000000f0700000, 0x0000000100000000)
  eden space 63488K, 0% used [0x00000000ebc00000,0x00000000ebc00000,0x00000000efa00000)
  from space 6656K, 0% used [0x00000000f0080000,0x00000000f0080000,0x00000000f0700000)
  to   space 6656K, 0% used [0x00000000efa00000,0x00000000efa00000,0x00000000f0080000)
 ParOldGen       total 31744K, used 6130K [0x00000000c3400000, 0x00000000c5300000, 0x00000000ebc00000)
  object space 31744K, 19% used [0x00000000c3400000,0x00000000c39fcb10,0x00000000c5300000)
 Metaspace       used 20598K, capacity 21110K, committed 21248K, reserved 1067008K
  class space    used 2643K, capacity 2808K, committed 2816K, reserved 1048576K
}
Event: 2.737 GC heap before
{Heap before GC invocations=8 (full 1):
 PSYoungGen      total 70144K, used 63472K [0x00000000ebc00000, 0x00000000f0700000, 0x0000000100000000)
  eden space 63488K, 99% used [0x00000000ebc00000,0x00000000ef9fc300,0x00000000efa00000)
  from space 6656K, 0% used [0x00000000f0080000,0x00000000f0080000,0x00000000f0700000)
  to   space 6656K, 0% used [0x00000000efa00000,0x00000000efa00000,0x00000000f0080000)
 ParOldGen       total 31744K, used 6130K [0x00000000c3400000, 0x00000000c5300000, 0x00000000ebc00000)
  object space 31744K, 19% used [0x00000000c3400000,0x00000000c39fcb10,0x00000000c5300000)
 Metaspace       used 24176K, capacity 24878K, committed 25088K, reserved 1071104K
  class space    used 3106K, capacity 3270K, committed 3328K, reserved 1048576K
Event: 2.747 GC heap after
Heap after GC invocations=8 (full 1):
 PSYoungGen      total 70144K, used 6633K [0x00000000ebc00000, 0x00000000f0700000, 0x0000000100000000)
  eden space 63488K, 0% used [0x00000000ebc00000,0x00000000ebc00000,0x00000000efa00000)
  from space 6656K, 99% used [0x00000000efa00000,0x00000000f007a700,0x00000000f0080000)
  to   space 6656K, 0% used [0x00000000f0080000,0x00000000f0080000,0x00000000f0700000)
 ParOldGen       total 31744K, used 7379K [0x00000000c3400000, 0x00000000c5300000, 0x00000000ebc00000)
  object space 31744K, 23% used [0x00000000c3400000,0x00000000c3b34d70,0x00000000c5300000)
 Metaspace       used 24176K, capacity 24878K, committed 25088K, reserved 1071104K
  class space    used 3106K, capacity 3270K, committed 3328K, reserved 1048576K
}

