# JRE version: Java(TM) SE Runtime Environment (8.0_66-b18) (build 1.8.0_66-b18)
# Java VM: Java HotSpot(TM) 64-Bit Server VM (25.66-b18 mixed mode windows-amd64 compressed oops)
Heap:
 PSYoungGen      total 70144K, used 28104K [0x00000000ebc00000, 0x00000000f2680000, 0x0000000100000000)
  eden space 63488K, 33% used [0x00000000ebc00000,0x00000000ed0f4338,0x00000000efa00000)
  from space 6656K, 99% used [0x00000000efa00000,0x00000000f007e070,0x00000000f0080000)
  to   space 8192K, 0% used [0x00000000f1e80000,0x00000000f1e80000,0x00000000f2680000)
 ParOldGen       total 33792K, used 7193K [0x00000000c3400000, 0x00000000c5500000, 0x00000000ebc00000)
  object space 33792K, 21% used [0x00000000c3400000,0x00000000c3b06570,0x00000000c5500000)
 Metaspace       used 27226K, capacity 27982K, committed 28288K, reserved 1073152K
  class space    used 3460K, capacity 3654K, committed 3712K, reserved 1048576K
GC Heap History (10 events):
Event: 1.672 GC heap before
{Heap before GC invocations=4 (full 0):
 PSYoungGen      total 18432K, used 18416K [0x00000000ebc00000, 0x00000000ee000000, 0x0000000100000000)
  eden space 15872K, 100% used [0x00000000ebc00000,0x00000000ecb80000,0x00000000ecb80000)
  from space 2560K, 99% used [0x00000000ecb80000,0x00000000ecdfc010,0x00000000ece00000)
  to   space 2560K, 0% used [0x00000000edd80000,0x00000000edd80000,0x00000000ee000000)
 ParOldGen       total 42496K, used 2986K [0x00000000c3400000, 0x00000000c5d80000, 0x00000000ebc00000)
  object space 42496K, 7% used [0x00000000c3400000,0x00000000c36ea9d0,0x00000000c5d80000)
 Metaspace       used 13346K, capacity 13842K, committed 13952K, reserved 1060864K
  class space    used 1747K, capacity 1878K, committed 1920K, reserved 1048576K
Event: 1.679 GC heap after
Heap after GC invocations=4 (full 0):
 PSYoungGen      total 34304K, used 2544K [0x00000000ebc00000, 0x00000000ee000000, 0x0000000100000000)
  eden space 31744K, 0% used [0x00000000ebc00000,0x00000000ebc00000,0x00000000edb00000)
  from space 2560K, 99% used [0x00000000edd80000,0x00000000edffc010,0x00000000ee000000)
  to   space 2560K, 0% used [0x00000000edb00000,0x00000000edb00000,0x00000000edd80000)
 ParOldGen       total 42496K, used 4498K [0x00000000c3400000, 0x00000000c5d80000, 0x00000000ebc00000)
  object space 42496K, 10% used [0x00000000c3400000,0x00000000c3864b68,0x00000000c5d80000)
 Metaspace       used 13346K, capacity 13842K, committed 13952K, reserved 1060864K
  class space    used 1747K, capacity 1878K, committed 1920K, reserved 1048576K
}
Event: 2.172 GC heap before
{Heap before GC invocations=5 (full 0):
 PSYoungGen      total 34304K, used 34288K [0x00000000ebc00000, 0x00000000ee000000, 0x0000000100000000)
  eden space 31744K, 100% used [0x00000000ebc00000,0x00000000edb00000,0x00000000edb00000)
  from space 2560K, 99% used [0x00000000edd80000,0x00000000edffc010,0x00000000ee000000)
  to   space 2560K, 0% used [0x00000000edb00000,0x00000000edb00000,0x00000000edd80000)
 ParOldGen       total 42496K, used 4498K [0x00000000c3400000, 0x00000000c5d80000, 0x00000000ebc00000)
  object space 42496K, 10% used [0x00000000c3400000,0x00000000c3864b68,0x00000000c5d80000)
 Metaspace       used 18007K, capacity 18486K, committed 18688K, reserved 1064960K
  class space    used 2312K, capacity 2460K, committed 2560K, reserved 1048576K
Event: 2.186 GC heap after
Heap after GC invocations=5 (full 0):
 PSYoungGen      total 34304K, used 2544K [0x00000000ebc00000, 0x00000000f0700000, 0x0000000100000000)
  eden space 31744K, 0% used [0x00000000ebc00000,0x00000000ebc00000,0x00000000edb00000)
  from space 2560K, 99% used [0x00000000edb00000,0x00000000edd7c010,0x00000000edd80000)
  to   space 6656K, 0% used [0x00000000f0080000,0x00000000f0080000,0x00000000f0700000)
 ParOldGen       total 42496K, used 9163K [0x00000000c3400000, 0x00000000c5d80000, 0x00000000ebc00000)
  object space 42496K, 21% used [0x00000000c3400000,0x00000000c3cf2ca0,0x00000000c5d80000)
 Metaspace       used 18007K, capacity 18486K, committed 18688K, reserved 1064960K
  class space    used 2312K, capacity 2460K, committed 2560K, reserved 1048576K
}
Event: 2.456 GC heap before
{Heap before GC invocations=6 (full 0):
 PSYoungGen      total 34304K, used 16527K [0x00000000ebc00000, 0x00000000f0700000, 0x0000000100000000)
  eden space 31744K, 44% used [0x00000000ebc00000,0x00000000ec9a7fc8,0x00000000edb00000)
  from space 2560K, 99% used [0x00000000edb00000,0x00000000edd7c010,0x00000000edd80000)
  to   space 6656K, 0% used [0x00000000f0080000,0x00000000f0080000,0x00000000f0700000)
 ParOldGen       total 42496K, used 9163K [0x00000000c3400000, 0x00000000c5d80000, 0x00000000ebc00000)
  object space 42496K, 21% used [0x00000000c3400000,0x00000000c3cf2ca0,0x00000000c5d80000)
 Metaspace       used 20600K, capacity 21110K, committed 21248K, reserved 1067008K
  class space    used 2655K, capacity 2808K, committed 2816K, reserved 1048576K
Event: 2.466 GC heap after
Heap after GC invocations=6 (full 0):
 PSYoungGen      total 70144K, used 4688K [0x00000000ebc00000, 0x00000000f0700000, 0x0000000100000000)
  eden space 63488K, 0% used [0x00000000ebc00000,0x00000000ebc00000,0x00000000efa00000)
  from space 6656K, 70% used [0x00000000f0080000,0x00000000f0514198,0x00000000f0700000)
  to   space 6656K, 0% used [0x00000000efa00000,0x00000000efa00000,0x00000000f0080000)
 ParOldGen       total 42496K, used 9235K [0x00000000c3400000, 0x00000000c5d80000, 0x00000000ebc00000)
  object space 42496K, 21% used [0x00000000c3400000,0x00000000c3d04cb0,0x00000000c5d80000)
 Metaspace       used 20600K, capacity 21110K, committed 21248K, reserved 1067008K
  class space    used 2655K, capacity 2808K, committed 2816K, reserved 1048576K
}
Event: 2.466 GC heap before
{Heap before GC invocations=7 (full 1):
 PSYoungGen      total 70144K, used 4688K [0x00000000ebc00000, 0x00000000f0700000, 0x0000000100000000)
  eden space 63488K, 0% used [0x00000000ebc00000,0x00000000ebc00000,0x00000000efa00000)
  from space 6656K, 70% used [0x00000000f0080000,0x00000000f0514198,0x00000000f0700000)
  to   space 6656K, 0% used [0x00000000efa00000,0x00000000efa00000,0x00000000f0080000)
 ParOldGen       total 42496K, used 9235K [0x00000000c3400000, 0x00000000c5d80000, 0x00000000ebc00000)
  object space 42496K, 21% used [0x00000000c3400000,0x00000000c3d04cb0,0x00000000c5d80000)
 Metaspace       used 20600K, capacity 21110K, committed 21248K, reserved 1067008K
  class space    used 2655K, capacity 2808K, committed 2816K, reserved 1048576K
Event: 2.526 GC heap after
Heap after GC invocations=7 (full 1):
 PSYoungGen      total 70144K, used 0K [0x00000000ebc00000, 0x00000000f0700000, 0x0000000100000000)
  eden space 63488K, 0% used [0x00000000ebc00000,0x00000000ebc00000,0x00000000efa00000)
  from space 6656K, 0% used [0x00000000f0080000,0x00000000f0080000,0x00000000f0700000)
  to   space 6656K, 0% used [0x00000000efa00000,0x00000000efa00000,0x00000000f0080000)
 ParOldGen       total 33792K, used 5963K [0x00000000c3400000, 0x00000000c5500000, 0x00000000ebc00000)
  object space 33792K, 17% used [0x00000000c3400000,0x00000000c39d2ea8,0x00000000c5500000)
 Metaspace       used 20600K, capacity 21110K, committed 21248K, reserved 1067008K
  class space    used 2655K, capacity 2808K, committed 2816K, reserved 1048576K
}
Event: 5.180 GC heap before
{Heap before GC invocations=8 (full 1):
 PSYoungGen      total 70144K, used 63443K [0x00000000ebc00000, 0x00000000f0700000, 0x0000000100000000)
  eden space 63488K, 99% used [0x00000000ebc00000,0x00000000ef9f4f68,0x00000000efa00000)
  from space 6656K, 0% used [0x00000000f0080000,0x00000000f0080000,0x00000000f0700000)
  to   space 6656K, 0% used [0x00000000efa00000,0x00000000efa00000,0x00000000f0080000)
 ParOldGen       total 33792K, used 5963K [0x00000000c3400000, 0x00000000c5500000, 0x00000000ebc00000)
  object space 33792K, 17% used [0x00000000c3400000,0x00000000c39d2ea8,0x00000000c5500000)
 Metaspace       used 24214K, capacity 24878K, committed 25088K, reserved 1071104K
  class space    used 3108K, capacity 3270K, committed 3328K, reserved 1048576K
Event: 5.189 GC heap after
Heap after GC invocations=8 (full 1):
 PSYoungGen      total 70144K, used 6648K [0x00000000ebc00000, 0x00000000f2680000, 0x0000000100000000)
  eden space 63488K, 0% used [0x00000000ebc00000,0x00000000ebc00000,0x00000000efa00000)
  from space 6656K, 99% used [0x00000000efa00000,0x00000000f007e070,0x00000000f0080000)
  to   space 8192K, 0% used [0x00000000f1e80000,0x00000000f1e80000,0x00000000f2680000)
 ParOldGen       total 33792K, used 7193K [0x00000000c3400000, 0x00000000c5500000, 0x00000000ebc00000)
  object space 33792K, 21% used [0x00000000c3400000,0x00000000c3b06570,0x00000000c5500000)
 Metaspace       used 24214K, capacity 24878K, committed 25088K, reserved 1071104K
  class space    used 3108K, capacity 3270K, committed 3328K, reserved 1048576K
}

