# JRE version: Java(TM) SE Runtime Environment (8.0_66-b18) (build 1.8.0_66-b18)
# Java VM: Java HotSpot(TM) 64-Bit Server VM (25.66-b18 mixed mode windows-amd64 compressed oops)
Heap:
 PSYoungGen      total 70656K, used 32982K [0x00000000ebc00000, 0x00000000f0800000, 0x0000000100000000)
  eden space 63488K, 40% used [0x00000000ebc00000,0x00000000ed53c428,0x00000000efa00000)
  from space 7168K, 99% used [0x00000000efa00000,0x00000000f00f9798,0x00000000f0100000)
  to   space 7168K, 0% used [0x00000000f0100000,0x00000000f0100000,0x00000000f0800000)
 ParOldGen       total 30208K, used 7254K [0x00000000c3400000, 0x00000000c5180000, 0x00000000ebc00000)
  object space 30208K, 24% used [0x00000000c3400000,0x00000000c3b15b80,0x00000000c5180000)
 Metaspace       used 27773K, capacity 28514K, committed 28672K, reserved 1075200K
  class space    used 3545K, capacity 3730K, committed 3840K, reserved 1048576K
GC Heap History (10 events):
Event: 4.752 GC heap before
{Heap before GC invocations=4 (full 0):
 PSYoungGen      total 18432K, used 18416K [0x00000000ebc00000, 0x00000000ee000000, 0x0000000100000000)
  eden space 15872K, 100% used [0x00000000ebc00000,0x00000000ecb80000,0x00000000ecb80000)
  from space 2560K, 99% used [0x00000000ecb80000,0x00000000ecdfc010,0x00000000ece00000)
  to   space 2560K, 0% used [0x00000000edd80000,0x00000000edd80000,0x00000000ee000000)
 ParOldGen       total 42496K, used 2871K [0x00000000c3400000, 0x00000000c5d80000, 0x00000000ebc00000)
  object space 42496K, 6% used [0x00000000c3400000,0x00000000c36cded8,0x00000000c5d80000)
 Metaspace       used 13132K, capacity 13554K, committed 13696K, reserved 1060864K
  class space    used 1712K, capacity 1846K, committed 1920K, reserved 1048576K
Event: 4.774 GC heap after
Heap after GC invocations=4 (full 0):
 PSYoungGen      total 34304K, used 2557K [0x00000000ebc00000, 0x00000000ee000000, 0x0000000100000000)
  eden space 31744K, 0% used [0x00000000ebc00000,0x00000000ebc00000,0x00000000edb00000)
  from space 2560K, 99% used [0x00000000edd80000,0x00000000edfff4c8,0x00000000ee000000)
  to   space 2560K, 0% used [0x00000000edb00000,0x00000000edb00000,0x00000000edd80000)
 ParOldGen       total 42496K, used 4268K [0x00000000c3400000, 0x00000000c5d80000, 0x00000000ebc00000)
  object space 42496K, 10% used [0x00000000c3400000,0x00000000c382b218,0x00000000c5d80000)
 Metaspace       used 13132K, capacity 13554K, committed 13696K, reserved 1060864K
  class space    used 1712K, capacity 1846K, committed 1920K, reserved 1048576K
}
Event: 5.256 GC heap before
{Heap before GC invocations=5 (full 0):
 PSYoungGen      total 34304K, used 34301K [0x00000000ebc00000, 0x00000000ee000000, 0x0000000100000000)
  eden space 31744K, 100% used [0x00000000ebc00000,0x00000000edb00000,0x00000000edb00000)
  from space 2560K, 99% used [0x00000000edd80000,0x00000000edfff4c8,0x00000000ee000000)
  to   space 2560K, 0% used [0x00000000edb00000,0x00000000edb00000,0x00000000edd80000)
 ParOldGen       total 42496K, used 4268K [0x00000000c3400000, 0x00000000c5d80000, 0x00000000ebc00000)
  object space 42496K, 10% used [0x00000000c3400000,0x00000000c382b218,0x00000000c5d80000)
 Metaspace       used 17599K, capacity 18102K, committed 18304K, reserved 1064960K
  class space    used 2254K, capacity 2396K, committed 2432K, reserved 1048576K
Event: 5.270 GC heap after
Heap after GC invocations=5 (full 0):
 PSYoungGen      total 34304K, used 2536K [0x00000000ebc00000, 0x00000000f0800000, 0x0000000100000000)
  eden space 31744K, 0% used [0x00000000ebc00000,0x00000000ebc00000,0x00000000edb00000)
  from space 2560K, 99% used [0x00000000edb00000,0x00000000edd7a2e8,0x00000000edd80000)
  to   space 7168K, 0% used [0x00000000f0100000,0x00000000f0100000,0x00000000f0800000)
 ParOldGen       total 42496K, used 8739K [0x00000000c3400000, 0x00000000c5d80000, 0x00000000ebc00000)
  object space 42496K, 20% used [0x00000000c3400000,0x00000000c3c88e18,0x00000000c5d80000)
 Metaspace       used 17599K, capacity 18102K, committed 18304K, reserved 1064960K
  class space    used 2254K, capacity 2396K, committed 2432K, reserved 1048576K
}
Event: 5.537 GC heap before
{Heap before GC invocations=6 (full 0):
 PSYoungGen      total 34304K, used 20935K [0x00000000ebc00000, 0x00000000f0800000, 0x0000000100000000)
  eden space 31744K, 57% used [0x00000000ebc00000,0x00000000ecdf7a90,0x00000000edb00000)
  from space 2560K, 99% used [0x00000000edb00000,0x00000000edd7a2e8,0x00000000edd80000)
  to   space 7168K, 0% used [0x00000000f0100000,0x00000000f0100000,0x00000000f0800000)
 ParOldGen       total 42496K, used 8739K [0x00000000c3400000, 0x00000000c5d80000, 0x00000000ebc00000)
  object space 42496K, 20% used [0x00000000c3400000,0x00000000c3c88e18,0x00000000c5d80000)
 Metaspace       used 20564K, capacity 21110K, committed 21248K, reserved 1067008K
  class space    used 2639K, capacity 2808K, committed 2816K, reserved 1048576K
Event: 5.547 GC heap after
Heap after GC invocations=6 (full 0):
 PSYoungGen      total 70656K, used 5269K [0x00000000ebc00000, 0x00000000f0800000, 0x0000000100000000)
  eden space 63488K, 0% used [0x00000000ebc00000,0x00000000ebc00000,0x00000000efa00000)
  from space 7168K, 73% used [0x00000000f0100000,0x00000000f06256d0,0x00000000f0800000)
  to   space 7168K, 0% used [0x00000000efa00000,0x00000000efa00000,0x00000000f0100000)
 ParOldGen       total 42496K, used 8747K [0x00000000c3400000, 0x00000000c5d80000, 0x00000000ebc00000)
  object space 42496K, 20% used [0x00000000c3400000,0x00000000c3c8ae18,0x00000000c5d80000)
 Metaspace       used 20564K, capacity 21110K, committed 21248K, reserved 1067008K
  class space    used 2639K, capacity 2808K, committed 2816K, reserved 1048576K
}
Event: 5.547 GC heap before
{Heap before GC invocations=7 (full 1):
 PSYoungGen      total 70656K, used 5269K [0x00000000ebc00000, 0x00000000f0800000, 0x0000000100000000)
  eden space 63488K, 0% used [0x00000000ebc00000,0x00000000ebc00000,0x00000000efa00000)
  from space 7168K, 73% used [0x00000000f0100000,0x00000000f06256d0,0x00000000f0800000)
  to   space 7168K, 0% used [0x00000000efa00000,0x00000000efa00000,0x00000000f0100000)
 ParOldGen       total 42496K, used 8747K [0x00000000c3400000, 0x00000000c5d80000, 0x00000000ebc00000)
  object space 42496K, 20% used [0x00000000c3400000,0x00000000c3c8ae18,0x00000000c5d80000)
 Metaspace       used 20564K, capacity 21110K, committed 21248K, reserved 1067008K
  class space    used 2639K, capacity 2808K, committed 2816K, reserved 1048576K
Event: 5.595 GC heap after
Heap after GC invocations=7 (full 1):
 PSYoungGen      total 70656K, used 0K [0x00000000ebc00000, 0x00000000f0800000, 0x0000000100000000)
  eden space 63488K, 0% used [0x00000000ebc00000,0x00000000ebc00000,0x00000000efa00000)
  from space 7168K, 0% used [0x00000000f0100000,0x00000000f0100000,0x00000000f0800000)
  to   space 7168K, 0% used [0x00000000efa00000,0x00000000efa00000,0x00000000f0100000)
 ParOldGen       total 30208K, used 6437K [0x00000000c3400000, 0x00000000c5180000, 0x00000000ebc00000)
  object space 30208K, 21% used [0x00000000c3400000,0x00000000c3a49570,0x00000000c5180000)
 Metaspace       used 20564K, capacity 21110K, committed 21248K, reserved 1067008K
  class space    used 2639K, capacity 2808K, committed 2816K, reserved 1048576K
}
Event: 7.796 GC heap before
{Heap before GC invocations=8 (full 1):
 PSYoungGen      total 70656K, used 63471K [0x00000000ebc00000, 0x00000000f0800000, 0x0000000100000000)
  eden space 63488K, 99% used [0x00000000ebc00000,0x00000000ef9fbcd8,0x00000000efa00000)
  from space 7168K, 0% used [0x00000000f0100000,0x00000000f0100000,0x00000000f0800000)
  to   space 7168K, 0% used [0x00000000efa00000,0x00000000efa00000,0x00000000f0100000)
 ParOldGen       total 30208K, used 6437K [0x00000000c3400000, 0x00000000c5180000, 0x00000000ebc00000)
  object space 30208K, 21% used [0x00000000c3400000,0x00000000c3a49570,0x00000000c5180000)
 Metaspace       used 24205K, capacity 24890K, committed 25088K, reserved 1071104K
  class space    used 3111K, capacity 3272K, committed 3328K, reserved 1048576K
Event: 7.809 GC heap after
Heap after GC invocations=8 (full 1):
 PSYoungGen      total 70656K, used 7141K [0x00000000ebc00000, 0x00000000f0800000, 0x0000000100000000)
  eden space 63488K, 0% used [0x00000000ebc00000,0x00000000ebc00000,0x00000000efa00000)
  from space 7168K, 99% used [0x00000000efa00000,0x00000000f00f9798,0x00000000f0100000)
  to   space 7168K, 0% used [0x00000000f0100000,0x00000000f0100000,0x00000000f0800000)
 ParOldGen       total 30208K, used 7254K [0x00000000c3400000, 0x00000000c5180000, 0x00000000ebc00000)
  object space 30208K, 24% used [0x00000000c3400000,0x00000000c3b15b80,0x00000000c5180000)
 Metaspace       used 24205K, capacity 24890K, committed 25088K, reserved 1071104K
  class space    used 3111K, capacity 3272K, committed 3328K, reserved 1048576K
}

